2023-04-18 20:44:57 INFO  Log:14 - **************
2023-04-18 20:44:57 INFO  Log:15 - **************
2023-04-18 20:44:57 INFO  Log:16 - ******This is the beginning of my Test case*******
2023-04-18 20:44:57 INFO  Log:26 - My test case is executing right now
2023-04-18 20:44:57 INFO  Log:30 - My test case might have some issues
2023-04-18 20:46:50 INFO  Log:26 - This test case is about to get completed
2023-04-18 20:46:50 INFO  Log:20 - ##########
2023-04-18 20:46:50 INFO  Log:21 - ##########
2023-04-18 20:46:50 INFO  Log:22 - #########This test case is finished#########
2023-05-12 12:16:12 INFO  Log:14 - **************
2023-05-12 12:16:12 INFO  Log:15 - **************
2023-05-12 12:16:12 INFO  Log:16 - ******This is the beginning of my Test case*******
2023-05-12 12:16:12 INFO  Log:26 - My test case is executing right now
2023-05-12 12:16:12 INFO  Log:30 - My test case might have some issues
2023-05-12 12:16:20 INFO  Log:26 - This test case is about to get completed
2023-05-12 12:16:20 INFO  Log:20 - ##########
2023-05-12 12:16:20 INFO  Log:21 - ##########
2023-05-12 12:16:20 INFO  Log:22 - #########This test case is finished#########
2023-05-12 12:17:58 INFO  Log:14 - **************
2023-05-12 12:17:58 INFO  Log:15 - **************
2023-05-12 12:17:58 INFO  Log:16 - ******This is the beginning of my Test case*******
2023-05-12 12:17:58 INFO  Log:26 - My test case is executing right now
2023-05-12 12:17:58 INFO  Log:30 - My test case might have some issues
2023-05-12 12:18:06 INFO  Log:26 - This test case is about to get completed
2023-05-12 12:18:06 INFO  Log:20 - ##########
2023-05-12 12:18:06 INFO  Log:21 - ##########
2023-05-12 12:18:06 INFO  Log:22 - #########This test case is finished#########
2023-05-13 12:29:48 INFO  Log:14 - **************
2023-05-13 12:29:48 INFO  Log:15 - **************
2023-05-13 12:29:48 INFO  Log:16 - ******This is the beginning of my Test case*******
2023-05-13 12:29:48 INFO  Log:26 - My test case is executing right now
2023-05-13 12:29:48 INFO  Log:30 - My test case might have some issues
2023-05-13 12:29:50 INFO  Log:26 - This test case is about to get completed
2023-05-13 12:29:50 INFO  Log:20 - ##########
2023-05-13 12:29:50 INFO  Log:21 - ##########
2023-05-13 12:29:50 INFO  Log:22 - #########This test case is finished#########
2023-05-13 12:32:28 INFO  Log:14 - **************
2023-05-13 12:32:28 INFO  Log:15 - **************
2023-05-13 12:32:28 INFO  Log:16 - ******This is the beginning of my Test case*******
2023-05-13 12:32:28 INFO  Log:26 - My test case is executing right now
2023-05-13 12:32:28 INFO  Log:30 - My test case might have some issues
2023-05-13 12:33:04 INFO  Log:26 - This test case is about to get completed
2023-05-13 12:33:04 INFO  Log:20 - ##########
2023-05-13 12:33:04 INFO  Log:21 - ##########
2023-05-13 12:33:04 INFO  Log:22 - #########This test case is finished#########
2023-07-11 13:24:02 INFO  Log:14 - **************
2023-07-11 13:24:02 INFO  Log:15 - **************
2023-07-11 13:24:02 INFO  Log:16 - ******This is the beginning of my Test case*******
2023-07-11 13:24:02 INFO  Log:26 - My test case is executing right now
2023-07-11 13:24:02 INFO  Log:30 - My test case might have some issues
2023-07-11 13:24:04 INFO  Log:26 - This test case is about to get completed
2023-07-11 13:24:04 INFO  Log:20 - ##########
2023-07-11 13:24:04 INFO  Log:21 - ##########
2023-07-11 13:24:04 INFO  Log:22 - #########This test case is finished#########
2023-07-11 13:31:18 INFO  Log:14 - **************
2023-07-11 13:31:18 INFO  Log:15 - **************
2023-07-11 13:31:18 INFO  Log:16 - ******This is the beginning of my Test case*******
2023-07-11 13:31:18 INFO  Log:26 - My test case is executing right now
2023-07-11 13:31:18 INFO  Log:30 - My test case might have some issues
2023-07-11 13:31:20 INFO  Log:26 - This test case is about to get completed
2023-07-11 13:31:20 INFO  Log:20 - ##########
2023-07-11 13:31:20 INFO  Log:21 - ##########
2023-07-11 13:31:20 INFO  Log:22 - #########This test case is finished#########
